[2024-09-23 15:20:42] local.ERROR: Uncaught InvalidArgumentException: Attribute [first] does not exist. in D:\OSTAD\laravel-projects\M15AssignmentMasud\vendor\laravel\framework\src\Illuminate\Routing\RouteRegistrar.php:113
Stack trace:
#0 D:\OSTAD\laravel-projects\M15AssignmentMasud\vendor\laravel\framework\src\Illuminate\Routing\Router.php(1504): Illuminate\Routing\RouteRegistrar->attribute('first', true)
#1 D:\OSTAD\laravel-projects\M15AssignmentMasud\vendor\laravel\framework\src\Illuminate\Support\Facades\Facade.php(358): Illuminate\Routing\Router->__call('first', Array)
#2 Command line code(1): Illuminate\Support\Facades\Facade::__callStatic('first', Array)
#3 {main}
  thrown {"exception":"[object] (Symfony\\Component\\ErrorHandler\\Error\\FatalError(code: 0): Uncaught InvalidArgumentException: Attribute [first] does not exist. in D:\\OSTAD\\laravel-projects\\M15AssignmentMasud\\vendor\\laravel\\framework\\src\\Illuminate\\Routing\\RouteRegistrar.php:113
Stack trace:
#0 D:\\OSTAD\\laravel-projects\\M15AssignmentMasud\\vendor\\laravel\\framework\\src\\Illuminate\\Routing\\Router.php(1504): Illuminate\\Routing\\RouteRegistrar->attribute('first', true)
#1 D:\\OSTAD\\laravel-projects\\M15AssignmentMasud\\vendor\\laravel\\framework\\src\\Illuminate\\Support\\Facades\\Facade.php(358): Illuminate\\Routing\\Router->__call('first', Array)
#2 Command line code(1): Illuminate\\Support\\Facades\\Facade::__callStatic('first', Array)
#3 {main}
  thrown at D:\\OSTAD\\laravel-projects\\M15AssignmentMasud\\vendor\\laravel\\framework\\src\\Illuminate\\Routing\\RouteRegistrar.php:113)
[stacktrace]
#0 {main}
"} 
[2024-09-23 15:22:34] local.ERROR: Uncaught InvalidArgumentException: Attribute [first] does not exist. in D:\OSTAD\laravel-projects\M15AssignmentMasud\vendor\laravel\framework\src\Illuminate\Routing\RouteRegistrar.php:113
Stack trace:
#0 D:\OSTAD\laravel-projects\M15AssignmentMasud\vendor\laravel\framework\src\Illuminate\Routing\Router.php(1504): Illuminate\Routing\RouteRegistrar->attribute('first', true)
#1 D:\OSTAD\laravel-projects\M15AssignmentMasud\vendor\laravel\framework\src\Illuminate\Support\Facades\Facade.php(358): Illuminate\Routing\Router->__call('first', Array)
#2 Command line code(1): Illuminate\Support\Facades\Facade::__callStatic('first', Array)
#3 {main}
  thrown {"exception":"[object] (Symfony\\Component\\ErrorHandler\\Error\\FatalError(code: 0): Uncaught InvalidArgumentException: Attribute [first] does not exist. in D:\\OSTAD\\laravel-projects\\M15AssignmentMasud\\vendor\\laravel\\framework\\src\\Illuminate\\Routing\\RouteRegistrar.php:113
Stack trace:
#0 D:\\OSTAD\\laravel-projects\\M15AssignmentMasud\\vendor\\laravel\\framework\\src\\Illuminate\\Routing\\Router.php(1504): Illuminate\\Routing\\RouteRegistrar->attribute('first', true)
#1 D:\\OSTAD\\laravel-projects\\M15AssignmentMasud\\vendor\\laravel\\framework\\src\\Illuminate\\Support\\Facades\\Facade.php(358): Illuminate\\Routing\\Router->__call('first', Array)
#2 Command line code(1): Illuminate\\Support\\Facades\\Facade::__callStatic('first', Array)
#3 {main}
  thrown at D:\\OSTAD\\laravel-projects\\M15AssignmentMasud\\vendor\\laravel\\framework\\src\\Illuminate\\Routing\\RouteRegistrar.php:113)
[stacktrace]
#0 {main}
"} 
[2024-09-23 15:56:12] local.ERROR: Undefined array key "localhost" {"exception":"[object] (ErrorException(code: 0): Undefined array key \"localhost\" at D:\\OSTAD\\laravel-projects\\M15AssignmentMasud\\app\\Http\\Controllers\\ProfileController.php:22)
[stacktrace]
#0 D:\\OSTAD\\laravel-projects\\M15AssignmentMasud\\vendor\\laravel\\framework\\src\\Illuminate\\Foundation\\Bootstrap\\HandleExceptions.php(256): Illuminate\\Foundation\\Bootstrap\\HandleExceptions->handleError(2, 'Undefined array...', 'D:\\\\OSTAD\\\\larave...', 22)
#1 D:\\OSTAD\\laravel-projects\\M15AssignmentMasud\\app\\Http\\Controllers\\ProfileController.php(22): Illuminate\\Foundation\\Bootstrap\\HandleExceptions->Illuminate\\Foundation\\Bootstrap\\{closure}(2, 'Undefined array...', 'D:\\\\OSTAD\\\\larave...', 22)
#2 D:\\OSTAD\\laravel-projects\\M15AssignmentMasud\\vendor\\laravel\\framework\\src\\Illuminate\\Routing\\ControllerDispatcher.php(46): App\\Http\\Controllers\\ProfileController->index('5')
#3 D:\\OSTAD\\laravel-projects\\M15AssignmentMasud\\vendor\\laravel\\framework\\src\\Illuminate\\Routing\\Route.php(262): Illuminate\\Routing\\ControllerDispatcher->dispatch(Object(Illuminate\\Routing\\Route), Object(App\\Http\\Controllers\\ProfileController), 'index')
#4 D:\\OSTAD\\laravel-projects\\M15AssignmentMasud\\vendor\\laravel\\framework\\src\\Illuminate\\Routing\\Route.php(208): Illuminate\\Routing\\Route->runController()
#5 D:\\OSTAD\\laravel-projects\\M15AssignmentMasud\\vendor\\laravel\\framework\\src\\Illuminate\\Routing\\Router.php(808): Illuminate\\Routing\\Route->run()
#6 D:\\OSTAD\\laravel-projects\\M15AssignmentMasud\\vendor\\laravel\\framework\\src\\Illuminate\\Pipeline\\Pipeline.php(144): Illuminate\\Routing\\Router->Illuminate\\Routing\\{closure}(Object(Illuminate\\Http\\Request))
#7 D:\\OSTAD\\laravel-projects\\M15AssignmentMasud\\vendor\\laravel\\framework\\src\\Illuminate\\Routing\\Middleware\\SubstituteBindings.php(51): Illuminate\\Pipeline\\Pipeline->Illuminate\\Pipeline\\{closure}(Object(Illuminate\\Http\\Request))
#8 D:\\OSTAD\\laravel-projects\\M15AssignmentMasud\\vendor\\laravel\\framework\\src\\Illuminate\\Pipeline\\Pipeline.php(183): Illuminate\\Routing\\Middleware\\SubstituteBindings->handle(Object(Illuminate\\Http\\Request), Object(Closure))
#9 D:\\OSTAD\\laravel-projects\\M15AssignmentMasud\\vendor\\laravel\\framework\\src\\Illuminate\\Foundation\\Http\\Middleware\\VerifyCsrfToken.php(88): Illuminate\\Pipeline\\Pipeline->Illuminate\\Pipeline\\{closure}(Object(Illuminate\\Http\\Request))
#10 D:\\OSTAD\\laravel-projects\\M15AssignmentMasud\\vendor\\laravel\\framework\\src\\Illuminate\\Pipeline\\Pipeline.php(183): Illuminate\\Foundation\\Http\\Middleware\\VerifyCsrfToken->handle(Object(Illuminate\\Http\\Request), Object(Closure))
#11 D:\\OSTAD\\laravel-projects\\M15AssignmentMasud\\vendor\\laravel\\framework\\src\\Illuminate\\View\\Middleware\\ShareErrorsFromSession.php(49): Illuminate\\Pipeline\\Pipeline->Illuminate\\Pipeline\\{closure}(Object(Illuminate\\Http\\Request))
#12 D:\\OSTAD\\laravel-projects\\M15AssignmentMasud\\vendor\\laravel\\framework\\src\\Illuminate\\Pipeline\\Pipeline.php(183): Illuminate\\View\\Middleware\\ShareErrorsFromSession->handle(Object(Illuminate\\Http\\Request), Object(Closure))
#13 D:\\OSTAD\\laravel-projects\\M15AssignmentMasud\\vendor\\laravel\\framework\\src\\Illuminate\\Session\\Middleware\\StartSession.php(121): Illuminate\\Pipeline\\Pipeline->Illuminate\\Pipeline\\{closure}(Object(Illuminate\\Http\\Request))
#14 D:\\OSTAD\\laravel-projects\\M15AssignmentMasud\\vendor\\laravel\\framework\\src\\Illuminate\\Session\\Middleware\\StartSession.php(64): Illuminate\\Session\\Middleware\\StartSession->handleStatefulRequest(Object(Illuminate\\Http\\Request), Object(Illuminate\\Session\\Store), Object(Closure))
#15 D:\\OSTAD\\laravel-projects\\M15AssignmentMasud\\vendor\\laravel\\framework\\src\\Illuminate\\Pipeline\\Pipeline.php(183): Illuminate\\Session\\Middleware\\StartSession->handle(Object(Illuminate\\Http\\Request), Object(Closure))
#16 D:\\OSTAD\\laravel-projects\\M15AssignmentMasud\\vendor\\laravel\\framework\\src\\Illuminate\\Cookie\\Middleware\\AddQueuedCookiesToResponse.php(37): Illuminate\\Pipeline\\Pipeline->Illuminate\\Pipeline\\{closure}(Object(Illuminate\\Http\\Request))
#17 D:\\OSTAD\\laravel-projects\\M15AssignmentMasud\\vendor\\laravel\\framework\\src\\Illuminate\\Pipeline\\Pipeline.php(183): Illuminate\\Cookie\\Middleware\\AddQueuedCookiesToResponse->handle(Object(Illuminate\\Http\\Request), Object(Closure))
#18 D:\\OSTAD\\laravel-projects\\M15AssignmentMasud\\vendor\\laravel\\framework\\src\\Illuminate\\Cookie\\Middleware\\EncryptCookies.php(75): Illuminate\\Pipeline\\Pipeline->Illuminate\\Pipeline\\{closure}(Object(Illuminate\\Http\\Request))
#19 D:\\OSTAD\\laravel-projects\\M15AssignmentMasud\\vendor\\laravel\\framework\\src\\Illuminate\\Pipeline\\Pipeline.php(183): Illuminate\\Cookie\\Middleware\\EncryptCookies->handle(Object(Illuminate\\Http\\Request), Object(Closure))
#20 D:\\OSTAD\\laravel-projects\\M15AssignmentMasud\\vendor\\laravel\\framework\\src\\Illuminate\\Pipeline\\Pipeline.php(119): Illuminate\\Pipeline\\Pipeline->Illuminate\\Pipeline\\{closure}(Object(Illuminate\\Http\\Request))
#21 D:\\OSTAD\\laravel-projects\\M15AssignmentMasud\\vendor\\laravel\\framework\\src\\Illuminate\\Routing\\Router.php(807): Illuminate\\Pipeline\\Pipeline->then(Object(Closure))
#22 D:\\OSTAD\\laravel-projects\\M15AssignmentMasud\\vendor\\laravel\\framework\\src\\Illuminate\\Routing\\Router.php(786): Illuminate\\Routing\\Router->runRouteWithinStack(Object(Illuminate\\Routing\\Route), Object(Illuminate\\Http\\Request))
#23 D:\\OSTAD\\laravel-projects\\M15AssignmentMasud\\vendor\\laravel\\framework\\src\\Illuminate\\Routing\\Router.php(750): Illuminate\\Routing\\Router->runRoute(Object(Illuminate\\Http\\Request), Object(Illuminate\\Routing\\Route))
#24 D:\\OSTAD\\laravel-projects\\M15AssignmentMasud\\vendor\\laravel\\framework\\src\\Illuminate\\Routing\\Router.php(739): Illuminate\\Routing\\Router->dispatchToRoute(Object(Illuminate\\Http\\Request))
#25 D:\\OSTAD\\laravel-projects\\M15AssignmentMasud\\vendor\\laravel\\framework\\src\\Illuminate\\Foundation\\Http\\Kernel.php(201): Illuminate\\Routing\\Router->dispatch(Object(Illuminate\\Http\\Request))
#26 D:\\OSTAD\\laravel-projects\\M15AssignmentMasud\\vendor\\laravel\\framework\\src\\Illuminate\\Pipeline\\Pipeline.php(144): Illuminate\\Foundation\\Http\\Kernel->Illuminate\\Foundation\\Http\\{closure}(Object(Illuminate\\Http\\Request))
#27 D:\\OSTAD\\laravel-projects\\M15AssignmentMasud\\vendor\\laravel\\framework\\src\\Illuminate\\Foundation\\Http\\Middleware\\TransformsRequest.php(21): Illuminate\\Pipeline\\Pipeline->Illuminate\\Pipeline\\{closure}(Object(Illuminate\\Http\\Request))
#28 D:\\OSTAD\\laravel-projects\\M15AssignmentMasud\\vendor\\laravel\\framework\\src\\Illuminate\\Foundation\\Http\\Middleware\\ConvertEmptyStringsToNull.php(31): Illuminate\\Foundation\\Http\\Middleware\\TransformsRequest->handle(Object(Illuminate\\Http\\Request), Object(Closure))
#29 D:\\OSTAD\\laravel-projects\\M15AssignmentMasud\\vendor\\laravel\\framework\\src\\Illuminate\\Pipeline\\Pipeline.php(183): Illuminate\\Foundation\\Http\\Middleware\\ConvertEmptyStringsToNull->handle(Object(Illuminate\\Http\\Request), Object(Closure))
#30 D:\\OSTAD\\laravel-projects\\M15AssignmentMasud\\vendor\\laravel\\framework\\src\\Illuminate\\Foundation\\Http\\Middleware\\TransformsRequest.php(21): Illuminate\\Pipeline\\Pipeline->Illuminate\\Pipeline\\{closure}(Object(Illuminate\\Http\\Request))
#31 D:\\OSTAD\\laravel-projects\\M15AssignmentMasud\\vendor\\laravel\\framework\\src\\Illuminate\\Foundation\\Http\\Middleware\\TrimStrings.php(51): Illuminate\\Foundation\\Http\\Middleware\\TransformsRequest->handle(Object(Illuminate\\Http\\Request), Object(Closure))
#32 D:\\OSTAD\\laravel-projects\\M15AssignmentMasud\\vendor\\laravel\\framework\\src\\Illuminate\\Pipeline\\Pipeline.php(183): Illuminate\\Foundation\\Http\\Middleware\\TrimStrings->handle(Object(Illuminate\\Http\\Request), Object(Closure))
#33 D:\\OSTAD\\laravel-projects\\M15AssignmentMasud\\vendor\\laravel\\framework\\src\\Illuminate\\Http\\Middleware\\ValidatePostSize.php(27): Illuminate\\Pipeline\\Pipeline->Illuminate\\Pipeline\\{closure}(Object(Illuminate\\Http\\Request))
#34 D:\\OSTAD\\laravel-projects\\M15AssignmentMasud\\vendor\\laravel\\framework\\src\\Illuminate\\Pipeline\\Pipeline.php(183): Illuminate\\Http\\Middleware\\ValidatePostSize->handle(Object(Illuminate\\Http\\Request), Object(Closure))
#35 D:\\OSTAD\\laravel-projects\\M15AssignmentMasud\\vendor\\laravel\\framework\\src\\Illuminate\\Foundation\\Http\\Middleware\\PreventRequestsDuringMaintenance.php(110): Illuminate\\Pipeline\\Pipeline->Illuminate\\Pipeline\\{closure}(Object(Illuminate\\Http\\Request))
#36 D:\\OSTAD\\laravel-projects\\M15AssignmentMasud\\vendor\\laravel\\framework\\src\\Illuminate\\Pipeline\\Pipeline.php(183): Illuminate\\Foundation\\Http\\Middleware\\PreventRequestsDuringMaintenance->handle(Object(Illuminate\\Http\\Request), Object(Closure))
#37 D:\\OSTAD\\laravel-projects\\M15AssignmentMasud\\vendor\\laravel\\framework\\src\\Illuminate\\Http\\Middleware\\HandleCors.php(49): Illuminate\\Pipeline\\Pipeline->Illuminate\\Pipeline\\{closure}(Object(Illuminate\\Http\\Request))
#38 D:\\OSTAD\\laravel-projects\\M15AssignmentMasud\\vendor\\laravel\\framework\\src\\Illuminate\\Pipeline\\Pipeline.php(183): Illuminate\\Http\\Middleware\\HandleCors->handle(Object(Illuminate\\Http\\Request), Object(Closure))
#39 D:\\OSTAD\\laravel-projects\\M15AssignmentMasud\\vendor\\laravel\\framework\\src\\Illuminate\\Http\\Middleware\\TrustProxies.php(58): Illuminate\\Pipeline\\Pipeline->Illuminate\\Pipeline\\{closure}(Object(Illuminate\\Http\\Request))
#40 D:\\OSTAD\\laravel-projects\\M15AssignmentMasud\\vendor\\laravel\\framework\\src\\Illuminate\\Pipeline\\Pipeline.php(183): Illuminate\\Http\\Middleware\\TrustProxies->handle(Object(Illuminate\\Http\\Request), Object(Closure))
#41 D:\\OSTAD\\laravel-projects\\M15AssignmentMasud\\vendor\\laravel\\framework\\src\\Illuminate\\Foundation\\Http\\Middleware\\InvokeDeferredCallbacks.php(22): Illuminate\\Pipeline\\Pipeline->Illuminate\\Pipeline\\{closure}(Object(Illuminate\\Http\\Request))
#42 D:\\OSTAD\\laravel-projects\\M15AssignmentMasud\\vendor\\laravel\\framework\\src\\Illuminate\\Pipeline\\Pipeline.php(183): Illuminate\\Foundation\\Http\\Middleware\\InvokeDeferredCallbacks->handle(Object(Illuminate\\Http\\Request), Object(Closure))
#43 D:\\OSTAD\\laravel-projects\\M15AssignmentMasud\\vendor\\laravel\\framework\\src\\Illuminate\\Pipeline\\Pipeline.php(119): Illuminate\\Pipeline\\Pipeline->Illuminate\\Pipeline\\{closure}(Object(Illuminate\\Http\\Request))
#44 D:\\OSTAD\\laravel-projects\\M15AssignmentMasud\\vendor\\laravel\\framework\\src\\Illuminate\\Foundation\\Http\\Kernel.php(176): Illuminate\\Pipeline\\Pipeline->then(Object(Closure))
#45 D:\\OSTAD\\laravel-projects\\M15AssignmentMasud\\vendor\\laravel\\framework\\src\\Illuminate\\Foundation\\Http\\Kernel.php(145): Illuminate\\Foundation\\Http\\Kernel->sendRequestThroughRouter(Object(Illuminate\\Http\\Request))
#46 D:\\OSTAD\\laravel-projects\\M15AssignmentMasud\\vendor\\laravel\\framework\\src\\Illuminate\\Foundation\\Application.php(1188): Illuminate\\Foundation\\Http\\Kernel->handle(Object(Illuminate\\Http\\Request))
#47 D:\\OSTAD\\laravel-projects\\M15AssignmentMasud\\public\\index.php(17): Illuminate\\Foundation\\Application->handleRequest(Object(Illuminate\\Http\\Request))
#48 D:\\OSTAD\\laravel-projects\\M15AssignmentMasud\\vendor\\laravel\\framework\\src\\Illuminate\\Foundation\\resources\\server.php(23): require_once('D:\\\\OSTAD\\\\larave...')
#49 {main}
"} 
